libbpf: Kernel error message: Cannot find specified filter chain
Attached XDP (Sojourn Ingress) to veth1-mb
Attached XDP (Peer Ingress) to veth2-mb
Configured XDP Redirect to Interface Index 824
Configured XDP Redirect for Delta to Interface Index 827
Successfully attached! Press Ctrl+C to stop.
Read trace_pipe to see logs: cat /sys/kernel/debug/tracing/trace_pipe
Showing Performance Metrics (Ctrl+C to stop):
[H[J=== Middlebox Performance Metrics ===
Metric               | Count      | Min (ns)   | Avg (ns)   | Max (ns)  
---------------------|------------|------------|------------|------------

=== CONGESTION STATE ===
Queue Depth: 0 bytes
Local State: [1;36mNORMAL[0m (Sev: 0)
Remote State: [1;35mNORMAL[0m (Sev: 0)
OPERATING STATE: [1;32mNORMAL[0m
========================

Compression Time     | 0          | 0          | 0          | 0         
End-to-End Sojourn   | 0          | 0          | 0          | 0         

=== Congestion Status ===
State: NORMAL
Current Queue: 0 bytes / 500,000 bytes
Usage: [                                                  ] 0%

(Generating traffic in H1 will update these values)
[H[J=== Middlebox Performance Metrics ===
Metric               | Count      | Min (ns)   | Avg (ns)   | Max (ns)  
---------------------|------------|------------|------------|------------

=== CONGESTION STATE ===
Queue Depth: 0 bytes
Local State: [1;36mNORMAL[0m (Sev: 0)
Remote State: [1;35mNORMAL[0m (Sev: 0)
OPERATING STATE: [1;32mNORMAL[0m
========================

Compression Time     | 0          | 0          | 0          | 0         
End-to-End Sojourn   | 0          | 0          | 0          | 0         

=== Congestion Status ===
State: NORMAL
Current Queue: 0 bytes / 500,000 bytes
Usage: [                                                  ] 0%

(Generating traffic in H1 will update these values)
[H[J=== Middlebox Performance Metrics ===
Metric               | Count      | Min (ns)   | Avg (ns)   | Max (ns)  
---------------------|------------|------------|------------|------------

=== CONGESTION STATE ===
Queue Depth: 0 bytes
Local State: [1;36mNORMAL[0m (Sev: 0)
Remote State: [1;35mNORMAL[0m (Sev: 0)
OPERATING STATE: [1;32mNORMAL[0m
========================

Compression Time     | 0          | 0          | 0          | 0         
End-to-End Sojourn   | 0          | 0          | 0          | 0         

=== Congestion Status ===
State: NORMAL
Current Queue: 0 bytes / 500,000 bytes
Usage: [                                                  ] 0%

(Generating traffic in H1 will update these values)
[H[J=== Middlebox Performance Metrics ===
Metric               | Count      | Min (ns)   | Avg (ns)   | Max (ns)  
---------------------|------------|------------|------------|------------

=== CONGESTION STATE ===
Queue Depth: 0 bytes
Local State: [1;36mNORMAL[0m (Sev: 0)
Remote State: [1;35mNORMAL[0m (Sev: 0)
OPERATING STATE: [1;32mNORMAL[0m
========================

Compression Time     | 0          | 0          | 0          | 0         
End-to-End Sojourn   | 0          | 0          | 0          | 0         

=== Congestion Status ===
State: NORMAL
Current Queue: 0 bytes / 500,000 bytes
Usage: [                                                  ] 0%

(Generating traffic in H1 will update these values)
[H[J=== Middlebox Performance Metrics ===
Metric               | Count      | Min (ns)   | Avg (ns)   | Max (ns)  
---------------------|------------|------------|------------|------------

=== CONGESTION STATE ===
Queue Depth: 11949 bytes
Local State: [1;36mNORMAL[0m (Sev: 0)
Remote State: [1;35mNORMAL[0m (Sev: 0)
OPERATING STATE: [1;32mNORMAL[0m
========================

Compression Time     | 43         | 0          | 0          | 0         
End-to-End Sojourn   | 43         | 4418       | 6532       | 10308     

=== Congestion Status ===
State: NORMAL
Current Queue: 11949 bytes / 500,000 bytes
Usage: [#                                                 ] 2%

(Generating traffic in H1 will update these values)
[H[J=== Middlebox Performance Metrics ===
Metric               | Count      | Min (ns)   | Avg (ns)   | Max (ns)  
---------------------|------------|------------|------------|------------

=== CONGESTION STATE ===
Queue Depth: 35332 bytes
Local State: [1;36mNORMAL[0m (Sev: 0)
Remote State: [1;35mNORMAL[0m (Sev: 0)
OPERATING STATE: [1;32mNORMAL[0m
========================

Compression Time     | 132        | 0          | 0          | 0         
End-to-End Sojourn   | 132        | 3897       | 6237       | 10498     

=== Congestion Status ===
State: NORMAL
Current Queue: 35332 bytes / 500,000 bytes
Usage: [###                                               ] 7%

(Generating traffic in H1 will update these values)
[H[J=== Middlebox Performance Metrics ===
Metric               | Count      | Min (ns)   | Avg (ns)   | Max (ns)  
---------------------|------------|------------|------------|------------

=== CONGESTION STATE ===
Queue Depth: 59337 bytes
Local State: [1;36mNORMAL[0m (Sev: 0)
Remote State: [1;35mNORMAL[0m (Sev: 0)
OPERATING STATE: [1;32mNORMAL[0m
========================

Compression Time     | 221        | 0          | 0          | 0         
End-to-End Sojourn   | 221        | 3897       | 6815       | 146961    

=== Congestion Status ===
State: NORMAL
Current Queue: 59337 bytes / 500,000 bytes
Usage: [#####                                             ] 11%

(Generating traffic in H1 will update these values)
[H[J=== Middlebox Performance Metrics ===
Metric               | Count      | Min (ns)   | Avg (ns)   | Max (ns)  
---------------------|------------|------------|------------|------------

=== CONGESTION STATE ===
Queue Depth: 82746 bytes
Local State: [1;36mNORMAL[0m (Sev: 0)
Remote State: [1;35mNORMAL[0m (Sev: 0)
OPERATING STATE: [1;32mNORMAL[0m
========================

Compression Time     | 310        | 0          | 0          | 0         
End-to-End Sojourn   | 310        | 3897       | 9854       | 1007256   

=== Congestion Status ===
State: NORMAL
Current Queue: 82746 bytes / 500,000 bytes
Usage: [########                                          ] 16%

(Generating traffic in H1 will update these values)
[H[J=== Middlebox Performance Metrics ===
Metric               | Count      | Min (ns)   | Avg (ns)   | Max (ns)  
---------------------|------------|------------|------------|------------

=== CONGESTION STATE ===
Queue Depth: 105774 bytes
Local State: [1;36mCOMPRESS[0m (Sev: 1)
Remote State: [1;35mNORMAL[0m (Sev: 0)
OPERATING STATE: [1;32mCOMPRESS[0m
========================

Compression Time     | 398        | 0          | 0          | 0         
End-to-End Sojourn   | 398        | 3897       | 9617       | 1007256   

=== Congestion Status ===
State: COMPRESSING
Current Queue: 105774 bytes / 500,000 bytes
Usage: [##########                                        ] 21%

(Generating traffic in H1 will update these values)
[H[J=== Middlebox Performance Metrics ===
Metric               | Count      | Min (ns)   | Avg (ns)   | Max (ns)  
---------------------|------------|------------|------------|------------

=== CONGESTION STATE ===
Queue Depth: 127538 bytes
Local State: [1;36mCOMPRESS[0m (Sev: 1)
Remote State: [1;35mNORMAL[0m (Sev: 0)
OPERATING STATE: [1;32mCOMPRESS[0m
========================

Compression Time     | 488        | 0          | 0          | 0         
End-to-End Sojourn   | 488        | 3897       | 8992       | 1007256   

=== Congestion Status ===
State: COMPRESSING
Current Queue: 127538 bytes / 500,000 bytes
Usage: [############                                      ] 25%

(Generating traffic in H1 will update these values)
[H[J=== Middlebox Performance Metrics ===
Metric               | Count      | Min (ns)   | Avg (ns)   | Max (ns)  
---------------------|------------|------------|------------|------------

=== CONGESTION STATE ===
Queue Depth: 148516 bytes
Local State: [1;36mCOMPRESS[0m (Sev: 1)
Remote State: [1;35mNORMAL[0m (Sev: 0)
OPERATING STATE: [1;32mCOMPRESS[0m
========================

Compression Time     | 576        | 0          | 0          | 0         
End-to-End Sojourn   | 576        | 3897       | 8548       | 1007256   

=== Congestion Status ===
State: COMPRESSING
Current Queue: 148516 bytes / 500,000 bytes
Usage: [##############                                    ] 29%

(Generating traffic in H1 will update these values)
[H[J=== Middlebox Performance Metrics ===
Metric               | Count      | Min (ns)   | Avg (ns)   | Max (ns)  
---------------------|------------|------------|------------|------------

=== CONGESTION STATE ===
Queue Depth: 137126 bytes
Local State: [1;36mDELTA[0m (Sev: 2)
Remote State: [1;35mNORMAL[0m (Sev: 0)
OPERATING STATE: [1;32mDELTA[0m
========================

Compression Time     | 660        | 0          | 0          | 0         
End-to-End Sojourn   | 660        | 3897       | 8210       | 1007256   

=== Congestion Status ===
State: DELTA ENCODING
Current Queue: 137126 bytes / 500,000 bytes
Usage: [#############                                     ] 27%

(Generating traffic in H1 will update these values)
[H[J=== Middlebox Performance Metrics ===
Metric               | Count      | Min (ns)   | Avg (ns)   | Max (ns)  
---------------------|------------|------------|------------|------------

=== CONGESTION STATE ===
Queue Depth: 123927 bytes
Local State: [1;36mDELTA[0m (Sev: 2)
Remote State: [1;35mNORMAL[0m (Sev: 0)
OPERATING STATE: [1;32mDELTA[0m
========================

Compression Time     | 749        | 0          | 0          | 0         
End-to-End Sojourn   | 749        | 3897       | 7972       | 1007256   

=== Congestion Status ===
State: DELTA ENCODING
Current Queue: 123927 bytes / 500,000 bytes
Usage: [############                                      ] 24%

(Generating traffic in H1 will update these values)
[H[J=== Middlebox Performance Metrics ===
Metric               | Count      | Min (ns)   | Avg (ns)   | Max (ns)  
---------------------|------------|------------|------------|------------

=== CONGESTION STATE ===
Queue Depth: 136180 bytes
Local State: [1;36mCOMPRESS[0m (Sev: 1)
Remote State: [1;35mNORMAL[0m (Sev: 0)
OPERATING STATE: [1;32mCOMPRESS[0m
========================

Compression Time     | 837        | 0          | 0          | 0         
End-to-End Sojourn   | 837        | 3897       | 7791       | 1007256   

=== Congestion Status ===
State: COMPRESSING
Current Queue: 136180 bytes / 500,000 bytes
Usage: [#############                                     ] 27%

(Generating traffic in H1 will update these values)
[H[J=== Middlebox Performance Metrics ===
Metric               | Count      | Min (ns)   | Avg (ns)   | Max (ns)  
---------------------|------------|------------|------------|------------

=== CONGESTION STATE ===
Queue Depth: 145944 bytes
Local State: [1;36mDELTA[0m (Sev: 2)
Remote State: [1;35mNORMAL[0m (Sev: 0)
OPERATING STATE: [1;32mDELTA[0m
========================

Compression Time     | 926        | 0          | 0          | 0         
End-to-End Sojourn   | 926        | 3897       | 7751       | 1007256   

=== Congestion Status ===
State: DELTA ENCODING
Current Queue: 145944 bytes / 500,000 bytes
Usage: [##############                                    ] 29%

(Generating traffic in H1 will update these values)
[H[J=== Middlebox Performance Metrics ===
Metric               | Count      | Min (ns)   | Avg (ns)   | Max (ns)  
---------------------|------------|------------|------------|------------

=== CONGESTION STATE ===
Queue Depth: 132053 bytes
Local State: [1;36mDELTA[0m (Sev: 2)
Remote State: [1;35mNORMAL[0m (Sev: 0)
OPERATING STATE: [1;32mDELTA[0m
========================

Compression Time     | 1013       | 0          | 0          | 0         
End-to-End Sojourn   | 1013       | 3866       | 7588       | 1007256   

=== Congestion Status ===
State: DELTA ENCODING
Current Queue: 132053 bytes / 500,000 bytes
Usage: [#############                                     ] 26%

(Generating traffic in H1 will update these values)
[H[J=== Middlebox Performance Metrics ===
Metric               | Count      | Min (ns)   | Avg (ns)   | Max (ns)  
---------------------|------------|------------|------------|------------

=== CONGESTION STATE ===
Queue Depth: 122137 bytes
Local State: [1;36mCOMPRESS[0m (Sev: 1)
Remote State: [1;35mNORMAL[0m (Sev: 0)
OPERATING STATE: [1;32mCOMPRESS[0m
========================

Compression Time     | 1103       | 0          | 0          | 0         
End-to-End Sojourn   | 1103       | 3866       | 7465       | 1007256   

=== Congestion Status ===
State: COMPRESSING
Current Queue: 122137 bytes / 500,000 bytes
Usage: [############                                      ] 24%

(Generating traffic in H1 will update these values)
[H[J=== Middlebox Performance Metrics ===
Metric               | Count      | Min (ns)   | Avg (ns)   | Max (ns)  
---------------------|------------|------------|------------|------------

=== CONGESTION STATE ===
Queue Depth: 144614 bytes
Local State: [1;36mCOMPRESS[0m (Sev: 1)
Remote State: [1;35mNORMAL[0m (Sev: 0)
OPERATING STATE: [1;32mCOMPRESS[0m
========================

Compression Time     | 1193       | 0          | 0          | 0         
End-to-End Sojourn   | 1193       | 3846       | 7327       | 1007256   

=== Congestion Status ===
State: COMPRESSING
Current Queue: 144614 bytes / 500,000 bytes
Usage: [##############                                    ] 28%

(Generating traffic in H1 will update these values)
[H[J=== Middlebox Performance Metrics ===
Metric               | Count      | Min (ns)   | Avg (ns)   | Max (ns)  
---------------------|------------|------------|------------|------------

=== CONGESTION STATE ===
Queue Depth: 141366 bytes
Local State: [1;36mDELTA[0m (Sev: 2)
Remote State: [1;35mNORMAL[0m (Sev: 0)
OPERATING STATE: [1;32mDELTA[0m
========================

Compression Time     | 1284       | 0          | 0          | 0         
End-to-End Sojourn   | 1284       | 3837       | 7202       | 1007256   

=== Congestion Status ===
State: DELTA ENCODING
Current Queue: 141366 bytes / 500,000 bytes
Usage: [##############                                    ] 28%

(Generating traffic in H1 will update these values)
[H[J=== Middlebox Performance Metrics ===
Metric               | Count      | Min (ns)   | Avg (ns)   | Max (ns)  
---------------------|------------|------------|------------|------------

=== CONGESTION STATE ===
Queue Depth: 128559 bytes
Local State: [1;36mDELTA[0m (Sev: 2)
Remote State: [1;35mNORMAL[0m (Sev: 0)
OPERATING STATE: [1;32mDELTA[0m
========================

Compression Time     | 1374       | 0          | 0          | 0         
End-to-End Sojourn   | 1374       | 3837       | 7082       | 1007256   

=== Congestion Status ===
State: DELTA ENCODING
Current Queue: 128559 bytes / 500,000 bytes
Usage: [############                                      ] 25%

(Generating traffic in H1 will update these values)
[H[J=== Middlebox Performance Metrics ===
Metric               | Count      | Min (ns)   | Avg (ns)   | Max (ns)  
---------------------|------------|------------|------------|------------

=== CONGESTION STATE ===
Queue Depth: 128911 bytes
Local State: [1;36mCOMPRESS[0m (Sev: 1)
Remote State: [1;35mNORMAL[0m (Sev: 0)
OPERATING STATE: [1;32mCOMPRESS[0m
========================

Compression Time     | 1463       | 0          | 0          | 0         
End-to-End Sojourn   | 1463       | 3837       | 7017       | 1007256   

=== Congestion Status ===
State: COMPRESSING
Current Queue: 128911 bytes / 500,000 bytes
Usage: [############                                      ] 25%

(Generating traffic in H1 will update these values)
[H[J=== Middlebox Performance Metrics ===
Metric               | Count      | Min (ns)   | Avg (ns)   | Max (ns)  
---------------------|------------|------------|------------|------------

=== CONGESTION STATE ===
Queue Depth: 150091 bytes
Local State: [1;36mCOMPRESS[0m (Sev: 1)
Remote State: [1;35mNORMAL[0m (Sev: 0)
OPERATING STATE: [1;32mCOMPRESS[0m
========================

Compression Time     | 1551       | 0          | 0          | 0         
End-to-End Sojourn   | 1551       | 3837       | 7073       | 1007256   

=== Congestion Status ===
State: COMPRESSING
Current Queue: 150091 bytes / 500,000 bytes
Usage: [###############                                   ] 30%

(Generating traffic in H1 will update these values)
[H[J=== Middlebox Performance Metrics ===
Metric               | Count      | Min (ns)   | Avg (ns)   | Max (ns)  
---------------------|------------|------------|------------|------------

=== CONGESTION STATE ===
Queue Depth: 136981 bytes
Local State: [1;36mDELTA[0m (Sev: 2)
Remote State: [1;35mNORMAL[0m (Sev: 0)
OPERATING STATE: [1;32mDELTA[0m
========================

Compression Time     | 1637       | 0          | 0          | 0         
End-to-End Sojourn   | 1637       | 3837       | 7015       | 1007256   

=== Congestion Status ===
State: DELTA ENCODING
Current Queue: 136981 bytes / 500,000 bytes
Usage: [#############                                     ] 27%

(Generating traffic in H1 will update these values)
[H[J=== Middlebox Performance Metrics ===
Metric               | Count      | Min (ns)   | Avg (ns)   | Max (ns)  
---------------------|------------|------------|------------|------------

=== CONGESTION STATE ===
Queue Depth: 123261 bytes
Local State: [1;36mDELTA[0m (Sev: 2)
Remote State: [1;35mNORMAL[0m (Sev: 0)
OPERATING STATE: [1;32mDELTA[0m
========================

Compression Time     | 1725       | 0          | 0          | 0         
End-to-End Sojourn   | 1725       | 3837       | 7084       | 1007256   

=== Congestion Status ===
State: DELTA ENCODING
Current Queue: 123261 bytes / 500,000 bytes
Usage: [############                                      ] 24%

(Generating traffic in H1 will update these values)
[H[J=== Middlebox Performance Metrics ===
Metric               | Count      | Min (ns)   | Avg (ns)   | Max (ns)  
---------------------|------------|------------|------------|------------

=== CONGESTION STATE ===
Queue Depth: 138559 bytes
Local State: [1;36mCOMPRESS[0m (Sev: 1)
Remote State: [1;35mNORMAL[0m (Sev: 0)
OPERATING STATE: [1;32mCOMPRESS[0m
========================

Compression Time     | 1815       | 0          | 0          | 0         
End-to-End Sojourn   | 1815       | 3837       | 7019       | 1007256   

=== Congestion Status ===
State: COMPRESSING
Current Queue: 138559 bytes / 500,000 bytes
Usage: [#############                                     ] 27%

(Generating traffic in H1 will update these values)
[H[J=== Middlebox Performance Metrics ===
Metric               | Count      | Min (ns)   | Avg (ns)   | Max (ns)  
---------------------|------------|------------|------------|------------

=== CONGESTION STATE ===
Queue Depth: 144714 bytes
Local State: [1;36mDELTA[0m (Sev: 2)
Remote State: [1;35mNORMAL[0m (Sev: 0)
OPERATING STATE: [1;32mDELTA[0m
========================

Compression Time     | 1905       | 0          | 0          | 0         
End-to-End Sojourn   | 1905       | 3787       | 6963       | 1007256   

=== Congestion Status ===
State: DELTA ENCODING
Current Queue: 144714 bytes / 500,000 bytes
Usage: [##############                                    ] 28%

(Generating traffic in H1 will update these values)
[H[J=== Middlebox Performance Metrics ===
Metric               | Count      | Min (ns)   | Avg (ns)   | Max (ns)  
---------------------|------------|------------|------------|------------

=== CONGESTION STATE ===
Queue Depth: 130644 bytes
Local State: [1;36mDELTA[0m (Sev: 2)
Remote State: [1;35mNORMAL[0m (Sev: 0)
OPERATING STATE: [1;32mDELTA[0m
========================

Compression Time     | 1991       | 0          | 0          | 0         
End-to-End Sojourn   | 1991       | 3787       | 6916       | 1007256   

=== Congestion Status ===
State: DELTA ENCODING
Current Queue: 130644 bytes / 500,000 bytes
Usage: [#############                                     ] 26%

(Generating traffic in H1 will update these values)
[H[J=== Middlebox Performance Metrics ===
Metric               | Count      | Min (ns)   | Avg (ns)   | Max (ns)  
---------------------|------------|------------|------------|------------

=== CONGESTION STATE ===
Queue Depth: 125641 bytes
Local State: [1;36mCOMPRESS[0m (Sev: 1)
Remote State: [1;35mNORMAL[0m (Sev: 0)
OPERATING STATE: [1;32mCOMPRESS[0m
========================

Compression Time     | 2078       | 0          | 0          | 0         
End-to-End Sojourn   | 2078       | 3787       | 6874       | 1007256   

=== Congestion Status ===
State: COMPRESSING
Current Queue: 125641 bytes / 500,000 bytes
Usage: [############                                      ] 25%

(Generating traffic in H1 will update these values)
[H[J=== Middlebox Performance Metrics ===
Metric               | Count      | Min (ns)   | Avg (ns)   | Max (ns)  
---------------------|------------|------------|------------|------------

=== CONGESTION STATE ===
Queue Depth: 145961 bytes
Local State: [1;36mCOMPRESS[0m (Sev: 1)
Remote State: [1;35mNORMAL[0m (Sev: 0)
OPERATING STATE: [1;32mCOMPRESS[0m
========================

Compression Time     | 2165       | 0          | 0          | 0         
End-to-End Sojourn   | 2165       | 3787       | 6838       | 1007256   

=== Congestion Status ===
State: COMPRESSING
Current Queue: 145961 bytes / 500,000 bytes
Usage: [##############                                    ] 29%

(Generating traffic in H1 will update these values)
[H[J=== Middlebox Performance Metrics ===
Metric               | Count      | Min (ns)   | Avg (ns)   | Max (ns)  
---------------------|------------|------------|------------|------------

=== CONGESTION STATE ===
Queue Depth: 140468 bytes
Local State: [1;36mDELTA[0m (Sev: 2)
Remote State: [1;35mNORMAL[0m (Sev: 0)
OPERATING STATE: [1;32mDELTA[0m
========================

Compression Time     | 2252       | 0          | 0          | 0         
End-to-End Sojourn   | 2252       | 3787       | 6873       | 1007256   

=== Congestion Status ===
State: DELTA ENCODING
Current Queue: 140468 bytes / 500,000 bytes
Usage: [##############                                    ] 28%

(Generating traffic in H1 will update these values)
[H[J=== Middlebox Performance Metrics ===
Metric               | Count      | Min (ns)   | Avg (ns)   | Max (ns)  
---------------------|------------|------------|------------|------------

=== CONGESTION STATE ===
Queue Depth: 126844 bytes
Local State: [1;36mDELTA[0m (Sev: 2)
Remote State: [1;35mNORMAL[0m (Sev: 0)
OPERATING STATE: [1;32mDELTA[0m
========================

Compression Time     | 2340       | 0          | 0          | 0         
End-to-End Sojourn   | 2340       | 3696       | 6842       | 1007256   

=== Congestion Status ===
State: DELTA ENCODING
Current Queue: 126844 bytes / 500,000 bytes
Usage: [############                                      ] 25%

(Generating traffic in H1 will update these values)
[H[J=== Middlebox Performance Metrics ===
Metric               | Count      | Min (ns)   | Avg (ns)   | Max (ns)  
---------------------|------------|------------|------------|------------

=== CONGESTION STATE ===
Queue Depth: 131403 bytes
Local State: [1;36mCOMPRESS[0m (Sev: 1)
Remote State: [1;35mNORMAL[0m (Sev: 0)
OPERATING STATE: [1;32mCOMPRESS[0m
========================

Compression Time     | 2431       | 0          | 0          | 0         
End-to-End Sojourn   | 2431       | 3696       | 6808       | 1007256   

=== Congestion Status ===
State: COMPRESSING
Current Queue: 131403 bytes / 500,000 bytes
Usage: [#############                                     ] 26%

(Generating traffic in H1 will update these values)
[H[J=== Middlebox Performance Metrics ===
Metric               | Count      | Min (ns)   | Avg (ns)   | Max (ns)  
---------------------|------------|------------|------------|------------

=== CONGESTION STATE ===
Queue Depth: 149540 bytes
Local State: [1;36mDELTA[0m (Sev: 2)
Remote State: [1;35mNORMAL[0m (Sev: 0)
OPERATING STATE: [1;32mDELTA[0m
========================

Compression Time     | 2518       | 0          | 0          | 0         
End-to-End Sojourn   | 2518       | 3696       | 6930       | 1007256   

=== Congestion Status ===
State: DELTA ENCODING
Current Queue: 149540 bytes / 500,000 bytes
Usage: [##############                                    ] 29%

(Generating traffic in H1 will update these values)
[H[J=== Middlebox Performance Metrics ===
Metric               | Count      | Min (ns)   | Avg (ns)   | Max (ns)  
---------------------|------------|------------|------------|------------

=== CONGESTION STATE ===
Queue Depth: 135715 bytes
Local State: [1;36mDELTA[0m (Sev: 2)
Remote State: [1;35mNORMAL[0m (Sev: 0)
OPERATING STATE: [1;32mDELTA[0m
========================

Compression Time     | 2604       | 0          | 0          | 0         
End-to-End Sojourn   | 2604       | 3696       | 6894       | 1007256   

=== Congestion Status ===
State: DELTA ENCODING
Current Queue: 135715 bytes / 500,000 bytes
Usage: [#############                                     ] 27%

(Generating traffic in H1 will update these values)
[H[J=== Middlebox Performance Metrics ===
Metric               | Count      | Min (ns)   | Avg (ns)   | Max (ns)  
---------------------|------------|------------|------------|------------

=== CONGESTION STATE ===
Queue Depth: 121901 bytes
Local State: [1;36mDELTA[0m (Sev: 2)
Remote State: [1;35mNORMAL[0m (Sev: 0)
OPERATING STATE: [1;32mDELTA[0m
========================

Compression Time     | 2694       | 0          | 0          | 0         
End-to-End Sojourn   | 2694       | 3696       | 7168       | 1007256   

=== Congestion Status ===
State: DELTA ENCODING
Current Queue: 121901 bytes / 500,000 bytes
Usage: [############                                      ] 24%

(Generating traffic in H1 will update these values)
[H[J=== Middlebox Performance Metrics ===
Metric               | Count      | Min (ns)   | Avg (ns)   | Max (ns)  
---------------------|------------|------------|------------|------------

=== CONGESTION STATE ===
Queue Depth: 141975 bytes
Local State: [1;36mCOMPRESS[0m (Sev: 1)
Remote State: [1;35mNORMAL[0m (Sev: 0)
OPERATING STATE: [1;32mCOMPRESS[0m
========================

Compression Time     | 2784       | 0          | 0          | 0         
End-to-End Sojourn   | 2784       | 3696       | 7138       | 1007256   

=== Congestion Status ===
State: COMPRESSING
Current Queue: 141975 bytes / 500,000 bytes
Usage: [##############                                    ] 28%

(Generating traffic in H1 will update these values)
[H[J=== Middlebox Performance Metrics ===
Metric               | Count      | Min (ns)   | Avg (ns)   | Max (ns)  
---------------------|------------|------------|------------|------------

=== CONGESTION STATE ===
Queue Depth: 142015 bytes
Local State: [1;36mDELTA[0m (Sev: 2)
Remote State: [1;35mNORMAL[0m (Sev: 0)
OPERATING STATE: [1;32mDELTA[0m
========================

Compression Time     | 2871       | 0          | 0          | 0         
End-to-End Sojourn   | 2871       | 3696       | 7097       | 1007256   

=== Congestion Status ===
State: DELTA ENCODING
Current Queue: 142015 bytes / 500,000 bytes
Usage: [##############                                    ] 28%

(Generating traffic in H1 will update these values)
[H[J=== Middlebox Performance Metrics ===
Metric               | Count      | Min (ns)   | Avg (ns)   | Max (ns)  
---------------------|------------|------------|------------|------------

=== CONGESTION STATE ===
Queue Depth: 129235 bytes
Local State: [1;36mDELTA[0m (Sev: 2)
Remote State: [1;35mNORMAL[0m (Sev: 0)
OPERATING STATE: [1;32mDELTA[0m
========================

Compression Time     | 2961       | 0          | 0          | 0         
End-to-End Sojourn   | 2961       | 3696       | 7062       | 1007256   

=== Congestion Status ===
State: DELTA ENCODING
Current Queue: 129235 bytes / 500,000 bytes
Usage: [############                                      ] 25%

(Generating traffic in H1 will update these values)
[H[J=== Middlebox Performance Metrics ===
Metric               | Count      | Min (ns)   | Avg (ns)   | Max (ns)  
---------------------|------------|------------|------------|------------

=== CONGESTION STATE ===
Queue Depth: 128500 bytes
Local State: [1;36mCOMPRESS[0m (Sev: 1)
Remote State: [1;35mNORMAL[0m (Sev: 0)
OPERATING STATE: [1;32mCOMPRESS[0m
========================

Compression Time     | 3047       | 0          | 0          | 0         
End-to-End Sojourn   | 3047       | 3696       | 7162       | 1007256   

=== Congestion Status ===
State: COMPRESSING
Current Queue: 128500 bytes / 500,000 bytes
Usage: [############                                      ] 25%

(Generating traffic in H1 will update these values)
[H[J=== Middlebox Performance Metrics ===
Metric               | Count      | Min (ns)   | Avg (ns)   | Max (ns)  
---------------------|------------|------------|------------|------------

=== CONGESTION STATE ===
Queue Depth: 146954 bytes
Local State: [1;36mCOMPRESS[0m (Sev: 1)
Remote State: [1;35mNORMAL[0m (Sev: 0)
OPERATING STATE: [1;32mCOMPRESS[0m
========================

Compression Time     | 3132       | 0          | 0          | 0         
End-to-End Sojourn   | 3132       | 3696       | 7173       | 1007256   

=== Congestion Status ===
State: COMPRESSING
Current Queue: 146954 bytes / 500,000 bytes
Usage: [##############                                    ] 29%

(Generating traffic in H1 will update these values)
[H[J=== Middlebox Performance Metrics ===
Metric               | Count      | Min (ns)   | Avg (ns)   | Max (ns)  
---------------------|------------|------------|------------|------------

=== CONGESTION STATE ===
Queue Depth: 139978 bytes
Local State: [1;36mDELTA[0m (Sev: 2)
Remote State: [1;35mNORMAL[0m (Sev: 0)
OPERATING STATE: [1;32mDELTA[0m
========================

Compression Time     | 3217       | 0          | 0          | 0         
End-to-End Sojourn   | 3217       | 3696       | 7262       | 1007256   

=== Congestion Status ===
State: DELTA ENCODING
Current Queue: 139978 bytes / 500,000 bytes
Usage: [#############                                     ] 27%

(Generating traffic in H1 will update these values)
[H[J=== Middlebox Performance Metrics ===
Metric               | Count      | Min (ns)   | Avg (ns)   | Max (ns)  
---------------------|------------|------------|------------|------------

=== CONGESTION STATE ===
Queue Depth: 126029 bytes
Local State: [1;36mDELTA[0m (Sev: 2)
Remote State: [1;35mNORMAL[0m (Sev: 0)
OPERATING STATE: [1;32mDELTA[0m
========================

Compression Time     | 3304       | 0          | 0          | 0         
End-to-End Sojourn   | 3304       | 3696       | 7388       | 1007256   

=== Congestion Status ===
State: DELTA ENCODING
Current Queue: 126029 bytes / 500,000 bytes
Usage: [############                                      ] 25%

(Generating traffic in H1 will update these values)
[H[J=== Middlebox Performance Metrics ===
Metric               | Count      | Min (ns)   | Avg (ns)   | Max (ns)  
---------------------|------------|------------|------------|------------

=== CONGESTION STATE ===
Queue Depth: 134081 bytes
Local State: [1;36mCOMPRESS[0m (Sev: 1)
Remote State: [1;35mNORMAL[0m (Sev: 0)
OPERATING STATE: [1;32mCOMPRESS[0m
========================

Compression Time     | 3393       | 0          | 0          | 0         
End-to-End Sojourn   | 3393       | 3696       | 7400       | 1007256   

=== Congestion Status ===
State: COMPRESSING
Current Queue: 134081 bytes / 500,000 bytes
Usage: [#############                                     ] 26%

(Generating traffic in H1 will update these values)
[H[J=== Middlebox Performance Metrics ===
Metric               | Count      | Min (ns)   | Avg (ns)   | Max (ns)  
---------------------|------------|------------|------------|------------

=== CONGESTION STATE ===
Queue Depth: 147094 bytes
Local State: [1;36mDELTA[0m (Sev: 2)
Remote State: [1;35mNORMAL[0m (Sev: 0)
OPERATING STATE: [1;32mDELTA[0m
========================

Compression Time     | 3482       | 0          | 0          | 0         
End-to-End Sojourn   | 3482       | 3696       | 7398       | 1007256   

=== Congestion Status ===
State: DELTA ENCODING
Current Queue: 147094 bytes / 500,000 bytes
Usage: [##############                                    ] 29%

(Generating traffic in H1 will update these values)
[H[J=== Middlebox Performance Metrics ===
Metric               | Count      | Min (ns)   | Avg (ns)   | Max (ns)  
---------------------|------------|------------|------------|------------

=== CONGESTION STATE ===
Queue Depth: 133913 bytes
Local State: [1;36mDELTA[0m (Sev: 2)
Remote State: [1;35mNORMAL[0m (Sev: 0)
OPERATING STATE: [1;32mDELTA[0m
========================

Compression Time     | 3571       | 0          | 0          | 0         
End-to-End Sojourn   | 3571       | 3696       | 7376       | 1007256   

=== Congestion Status ===
State: DELTA ENCODING
Current Queue: 133913 bytes / 500,000 bytes
Usage: [#############                                     ] 26%

(Generating traffic in H1 will update these values)
[H[J=== Middlebox Performance Metrics ===
Metric               | Count      | Min (ns)   | Avg (ns)   | Max (ns)  
---------------------|------------|------------|------------|------------

=== CONGESTION STATE ===
Queue Depth: 120528 bytes
Local State: [1;36mDELTA[0m (Sev: 2)
Remote State: [1;35mNORMAL[0m (Sev: 0)
OPERATING STATE: [1;32mDELTA[0m
========================

Compression Time     | 3660       | 0          | 0          | 0         
End-to-End Sojourn   | 3660       | 3696       | 7342       | 1007256   

=== Congestion Status ===
State: DELTA ENCODING
Current Queue: 120528 bytes / 500,000 bytes
Usage: [############                                      ] 24%

(Generating traffic in H1 will update these values)
[H[J=== Middlebox Performance Metrics ===
Metric               | Count      | Min (ns)   | Avg (ns)   | Max (ns)  
---------------------|------------|------------|------------|------------

=== CONGESTION STATE ===
Queue Depth: 141713 bytes
Local State: [1;36mCOMPRESS[0m (Sev: 1)
Remote State: [1;35mNORMAL[0m (Sev: 0)
OPERATING STATE: [1;32mCOMPRESS[0m
========================

Compression Time     | 3748       | 0          | 0          | 0         
End-to-End Sojourn   | 3748       | 3696       | 7369       | 1007256   

=== Congestion Status ===
State: COMPRESSING
Current Queue: 141713 bytes / 500,000 bytes
Usage: [##############                                    ] 28%

(Generating traffic in H1 will update these values)
[H[J=== Middlebox Performance Metrics ===
Metric               | Count      | Min (ns)   | Avg (ns)   | Max (ns)  
---------------------|------------|------------|------------|------------

=== CONGESTION STATE ===
Queue Depth: 142692 bytes
Local State: [1;36mDELTA[0m (Sev: 2)
Remote State: [1;35mNORMAL[0m (Sev: 0)
OPERATING STATE: [1;32mDELTA[0m
========================

Compression Time     | 3836       | 0          | 0          | 0         
End-to-End Sojourn   | 3836       | 3696       | 7405       | 1007256   

=== Congestion Status ===
State: DELTA ENCODING
Current Queue: 142692 bytes / 500,000 bytes
Usage: [##############                                    ] 28%

(Generating traffic in H1 will update these values)
[H[J=== Middlebox Performance Metrics ===
Metric               | Count      | Min (ns)   | Avg (ns)   | Max (ns)  
---------------------|------------|------------|------------|------------

=== CONGESTION STATE ===
Queue Depth: 129442 bytes
Local State: [1;36mDELTA[0m (Sev: 2)
Remote State: [1;35mNORMAL[0m (Sev: 0)
OPERATING STATE: [1;32mDELTA[0m
========================

Compression Time     | 3925       | 0          | 0          | 0         
End-to-End Sojourn   | 3925       | 3696       | 7372       | 1007256   

=== Congestion Status ===
State: DELTA ENCODING
Current Queue: 129442 bytes / 500,000 bytes
Usage: [############                                      ] 25%

(Generating traffic in H1 will update these values)
[H[J=== Middlebox Performance Metrics ===
Metric               | Count      | Min (ns)   | Avg (ns)   | Max (ns)  
---------------------|------------|------------|------------|------------

=== CONGESTION STATE ===
Queue Depth: 127504 bytes
Local State: [1;36mCOMPRESS[0m (Sev: 1)
Remote State: [1;35mNORMAL[0m (Sev: 0)
OPERATING STATE: [1;32mCOMPRESS[0m
========================

Compression Time     | 4012       | 0          | 0          | 0         
End-to-End Sojourn   | 4012       | 3696       | 7414       | 1007256   

=== Congestion Status ===
State: COMPRESSING
Current Queue: 127504 bytes / 500,000 bytes
Usage: [############                                      ] 25%

(Generating traffic in H1 will update these values)
[H[J=== Middlebox Performance Metrics ===
Metric               | Count      | Min (ns)   | Avg (ns)   | Max (ns)  
---------------------|------------|------------|------------|------------

=== CONGESTION STATE ===
Queue Depth: 148395 bytes
Local State: [1;36mCOMPRESS[0m (Sev: 1)
Remote State: [1;35mNORMAL[0m (Sev: 0)
OPERATING STATE: [1;32mCOMPRESS[0m
========================

Compression Time     | 4100       | 0          | 0          | 0         
End-to-End Sojourn   | 4100       | 3696       | 7383       | 1007256   

=== Congestion Status ===
State: COMPRESSING
Current Queue: 148395 bytes / 500,000 bytes
Usage: [##############                                    ] 29%

(Generating traffic in H1 will update these values)
[H[J=== Middlebox Performance Metrics ===
Metric               | Count      | Min (ns)   | Avg (ns)   | Max (ns)  
---------------------|------------|------------|------------|------------

=== CONGESTION STATE ===
Queue Depth: 138756 bytes
Local State: [1;36mDELTA[0m (Sev: 2)
Remote State: [1;35mNORMAL[0m (Sev: 0)
OPERATING STATE: [1;32mDELTA[0m
========================

Compression Time     | 4189       | 0          | 0          | 0         
End-to-End Sojourn   | 4189       | 3696       | 7353       | 1007256   

=== Congestion Status ===
State: DELTA ENCODING
Current Queue: 138756 bytes / 500,000 bytes
Usage: [#############                                     ] 27%

(Generating traffic in H1 will update these values)
[H[J=== Middlebox Performance Metrics ===
Metric               | Count      | Min (ns)   | Avg (ns)   | Max (ns)  
---------------------|------------|------------|------------|------------

=== CONGESTION STATE ===
Queue Depth: 125202 bytes
Local State: [1;36mDELTA[0m (Sev: 2)
Remote State: [1;35mNORMAL[0m (Sev: 0)
OPERATING STATE: [1;32mDELTA[0m
========================

Compression Time     | 4277       | 0          | 0          | 0         
End-to-End Sojourn   | 4277       | 3696       | 7370       | 1007256   

=== Congestion Status ===
State: DELTA ENCODING
Current Queue: 125202 bytes / 500,000 bytes
Usage: [############                                      ] 25%

(Generating traffic in H1 will update these values)
[H[J=== Middlebox Performance Metrics ===
Metric               | Count      | Min (ns)   | Avg (ns)   | Max (ns)  
---------------------|------------|------------|------------|------------

=== CONGESTION STATE ===
Queue Depth: 132141 bytes
Local State: [1;36mCOMPRESS[0m (Sev: 1)
Remote State: [1;35mNORMAL[0m (Sev: 0)
OPERATING STATE: [1;32mCOMPRESS[0m
========================

Compression Time     | 4362       | 0          | 0          | 0         
End-to-End Sojourn   | 4362       | 3386       | 7344       | 1007256   

=== Congestion Status ===
State: COMPRESSING
Current Queue: 132141 bytes / 500,000 bytes
Usage: [#############                                     ] 26%

(Generating traffic in H1 will update these values)
[H[J=== Middlebox Performance Metrics ===
Metric               | Count      | Min (ns)   | Avg (ns)   | Max (ns)  
---------------------|------------|------------|------------|------------

=== CONGESTION STATE ===
Queue Depth: 150394 bytes
Local State: [1;36mDELTA[0m (Sev: 2)
Remote State: [1;35mNORMAL[0m (Sev: 0)
OPERATING STATE: [1;32mDELTA[0m
========================

Compression Time     | 4448       | 0          | 0          | 0         
End-to-End Sojourn   | 4448       | 3386       | 7318       | 1007256   

=== Congestion Status ===
State: DELTA ENCODING
Current Queue: 150394 bytes / 500,000 bytes
Usage: [###############                                   ] 30%

(Generating traffic in H1 will update these values)
[H[J=== Middlebox Performance Metrics ===
Metric               | Count      | Min (ns)   | Avg (ns)   | Max (ns)  
---------------------|------------|------------|------------|------------

=== CONGESTION STATE ===
Queue Depth: 136429 bytes
Local State: [1;36mDELTA[0m (Sev: 2)
Remote State: [1;35mNORMAL[0m (Sev: 0)
OPERATING STATE: [1;32mDELTA[0m
========================

Compression Time     | 4536       | 0          | 0          | 0         
End-to-End Sojourn   | 4536       | 3386       | 7373       | 1007256   

=== Congestion Status ===
State: DELTA ENCODING
Current Queue: 136429 bytes / 500,000 bytes
Usage: [#############                                     ] 27%

(Generating traffic in H1 will update these values)
[H[J=== Middlebox Performance Metrics ===
Metric               | Count      | Min (ns)   | Avg (ns)   | Max (ns)  
---------------------|------------|------------|------------|------------

=== CONGESTION STATE ===
Queue Depth: 124125 bytes
Local State: [1;36mDELTA[0m (Sev: 2)
Remote State: [1;35mNORMAL[0m (Sev: 0)
OPERATING STATE: [1;32mDELTA[0m
========================

Compression Time     | 4627       | 0          | 0          | 0         
End-to-End Sojourn   | 4627       | 3386       | 7385       | 1007256   

=== Congestion Status ===
State: DELTA ENCODING
Current Queue: 124125 bytes / 500,000 bytes
Usage: [############                                      ] 24%

(Generating traffic in H1 will update these values)
[H[J=== Middlebox Performance Metrics ===
Metric               | Count      | Min (ns)   | Avg (ns)   | Max (ns)  
---------------------|------------|------------|------------|------------

=== CONGESTION STATE ===
Queue Depth: 135600 bytes
Local State: [1;36mCOMPRESS[0m (Sev: 1)
Remote State: [1;35mNORMAL[0m (Sev: 0)
OPERATING STATE: [1;32mCOMPRESS[0m
========================

Compression Time     | 4717       | 0          | 0          | 0         
End-to-End Sojourn   | 4717       | 3386       | 7362       | 1007256   

=== Congestion Status ===
State: COMPRESSING
Current Queue: 135600 bytes / 500,000 bytes
Usage: [#############                                     ] 27%

(Generating traffic in H1 will update these values)
[H[J=== Middlebox Performance Metrics ===
Metric               | Count      | Min (ns)   | Avg (ns)   | Max (ns)  
---------------------|------------|------------|------------|------------

=== CONGESTION STATE ===
Queue Depth: 146367 bytes
Local State: [1;36mDELTA[0m (Sev: 2)
Remote State: [1;35mNORMAL[0m (Sev: 0)
OPERATING STATE: [1;32mDELTA[0m
========================

Compression Time     | 4805       | 0          | 0          | 0         
End-to-End Sojourn   | 4805       | 3386       | 7341       | 1007256   

=== Congestion Status ===
State: DELTA ENCODING
Current Queue: 146367 bytes / 500,000 bytes
Usage: [##############                                    ] 29%

(Generating traffic in H1 will update these values)
[H[J=== Middlebox Performance Metrics ===
Metric               | Count      | Min (ns)   | Avg (ns)   | Max (ns)  
---------------------|------------|------------|------------|------------

=== CONGESTION STATE ===
Queue Depth: 131331 bytes
Local State: [1;36mDELTA[0m (Sev: 2)
Remote State: [1;35mNORMAL[0m (Sev: 0)
OPERATING STATE: [1;32mDELTA[0m
========================

Compression Time     | 4890       | 0          | 0          | 0         
End-to-End Sojourn   | 4890       | 3386       | 7366       | 1007256   

=== Congestion Status ===
State: DELTA ENCODING
Current Queue: 131331 bytes / 500,000 bytes
Usage: [#############                                     ] 26%

(Generating traffic in H1 will update these values)
[H[J=== Middlebox Performance Metrics ===
Metric               | Count      | Min (ns)   | Avg (ns)   | Max (ns)  
---------------------|------------|------------|------------|------------

=== CONGESTION STATE ===
Queue Depth: 126079 bytes
Local State: [1;36mCOMPRESS[0m (Sev: 1)
Remote State: [1;35mNORMAL[0m (Sev: 0)
OPERATING STATE: [1;32mCOMPRESS[0m
========================

Compression Time     | 4970       | 0          | 0          | 0         
End-to-End Sojourn   | 4971       | 3386       | 7353       | 1007256   

=== Congestion Status ===
State: COMPRESSING
Current Queue: 126364 bytes / 500,000 bytes
Usage: [############                                      ] 25%

(Generating traffic in H1 will update these values)
[H[J=== Middlebox Performance Metrics ===
Metric               | Count      | Min (ns)   | Avg (ns)   | Max (ns)  
---------------------|------------|------------|------------|------------

=== CONGESTION STATE ===
Queue Depth: 113959 bytes
Local State: [1;36mCOMPRESS[0m (Sev: 1)
Remote State: [1;35mNORMAL[0m (Sev: 0)
OPERATING STATE: [1;32mCOMPRESS[0m
========================

Compression Time     | 5021       | 0          | 0          | 0         
End-to-End Sojourn   | 5021       | 3386       | 7350       | 1007256   

=== Congestion Status ===
State: COMPRESSING
Current Queue: 113959 bytes / 500,000 bytes
Usage: [###########                                       ] 22%

(Generating traffic in H1 will update these values)
[H[J=== Middlebox Performance Metrics ===
Metric               | Count      | Min (ns)   | Avg (ns)   | Max (ns)  
---------------------|------------|------------|------------|------------

=== CONGESTION STATE ===
Queue Depth: 133565 bytes
Local State: [1;36mCOMPRESS[0m (Sev: 1)
Remote State: [1;35mNORMAL[0m (Sev: 0)
OPERATING STATE: [1;32mCOMPRESS[0m
========================

Compression Time     | 5107       | 0          | 0          | 0         
End-to-End Sojourn   | 5107       | 3386       | 7370       | 1007256   

=== Congestion Status ===
State: COMPRESSING
Current Queue: 133565 bytes / 500,000 bytes
Usage: [#############                                     ] 26%

(Generating traffic in H1 will update these values)
[H[J=== Middlebox Performance Metrics ===
Metric               | Count      | Min (ns)   | Avg (ns)   | Max (ns)  
---------------------|------------|------------|------------|------------

=== CONGESTION STATE ===
Queue Depth: 150107 bytes
Local State: [1;36mDELTA[0m (Sev: 2)
Remote State: [1;35mNORMAL[0m (Sev: 0)
OPERATING STATE: [1;32mDELTA[0m
========================

Compression Time     | 5191       | 0          | 0          | 0         
End-to-End Sojourn   | 5191       | 3386       | 7376       | 1007256   

=== Congestion Status ===
State: DELTA ENCODING
Current Queue: 150107 bytes / 500,000 bytes
Usage: [###############                                   ] 30%

(Generating traffic in H1 will update these values)
[H[J=== Middlebox Performance Metrics ===
Metric               | Count      | Min (ns)   | Avg (ns)   | Max (ns)  
---------------------|------------|------------|------------|------------

=== CONGESTION STATE ===
Queue Depth: 144109 bytes
Local State: [1;36mDELTA[0m (Sev: 2)
Remote State: [1;35mNORMAL[0m (Sev: 0)
OPERATING STATE: [1;32mDELTA[0m
========================

Compression Time     | 5223       | 0          | 0          | 0         
End-to-End Sojourn   | 5223       | 3386       | 7377       | 1007256   

=== Congestion Status ===
State: DELTA ENCODING
Current Queue: 144109 bytes / 500,000 bytes
Usage: [##############                                    ] 28%

(Generating traffic in H1 will update these values)
[H[J=== Middlebox Performance Metrics ===
Metric               | Count      | Min (ns)   | Avg (ns)   | Max (ns)  
---------------------|------------|------------|------------|------------

=== CONGESTION STATE ===
Queue Depth: 144109 bytes
Local State: [1;36mDELTA[0m (Sev: 2)
Remote State: [1;35mNORMAL[0m (Sev: 0)
OPERATING STATE: [1;32mDELTA[0m
========================

Compression Time     | 5223       | 0          | 0          | 0         
End-to-End Sojourn   | 5223       | 3386       | 7377       | 1007256   

=== Congestion Status ===
State: DELTA ENCODING
Current Queue: 144109 bytes / 500,000 bytes
Usage: [##############                                    ] 28%

(Generating traffic in H1 will update these values)
[H[J=== Middlebox Performance Metrics ===
Metric          libbpf: Kernel error message: Cannot find specified filter chain
     | Count      | Min (ns)   | Avg (ns)   | Max (ns)  
---------------------|------------|------------|------------|------------

=== CONGESTION STATE ===
Queue Depth: 144109 bytes
Local State: [1;36mDELTA[0m (Sev: 2)
Remote State: [1;35mNORMAL[0m (Sev: 0)
OPERATING STATE: [1;32mDELTA[0m
========================

Compression Time     | 5223       | 0          | 0          | 0         
End-to-End Sojourn   | 5223       | 3386       | 7377       | 1007256   

=== Congestion Status ===
State: DELTA ENCODING
Current Queue: 144109 bytes / 500,000 bytes
Usage: [##############                                    ] 28%

(Generating traffic in H1 will update these values)
